<?xml version="1.0" ?>
<coverage branch-rate="0" branches-covered="0" branches-valid="0" complexity="0" line-rate="0.9478" lines-covered="327" lines-valid="345" timestamp="1520418473277" version="4.5">
	<!-- Generated by coverage.py: https://coverage.readthedocs.io -->
	<!-- Based on https://raw.githubusercontent.com/cobertura/web/master/htdocs/xml/coverage-04.dtd -->
	<sources>
		<source>/home/hugo/overscaler</source>
	</sources>
	<packages>
		<package branch-rate="0" complexity="0" line-rate="0.9478" name="overscaler">
			<classes>
				<class branch-rate="0" complexity="0" filename="overscaler/__init__.py" line-rate="1" name="__init__.py">
					<methods/>
					<lines>
						<line hits="1" number="2"/>
						<line hits="1" number="4"/>
						<line hits="1" number="5"/>
					</lines>
				</class>
				<class branch-rate="0" complexity="0" filename="overscaler/overcli.py" line-rate="1" name="overcli.py">
					<methods/>
					<lines>
						<line hits="1" number="1"/>
						<line hits="1" number="2"/>
						<line hits="1" number="3"/>
						<line hits="1" number="4"/>
						<line hits="1" number="5"/>
						<line hits="1" number="7"/>
						<line hits="1" number="18"/>
						<line hits="1" number="26"/>
						<line hits="1" number="27"/>
						<line hits="1" number="28"/>
						<line hits="1" number="31"/>
						<line hits="1" number="32"/>
						<line hits="1" number="33"/>
						<line hits="1" number="34"/>
						<line hits="1" number="35"/>
						<line hits="1" number="39"/>
						<line hits="1" number="40"/>
						<line hits="1" number="41"/>
						<line hits="1" number="42"/>
						<line hits="1" number="43"/>
						<line hits="1" number="44"/>
						<line hits="1" number="45"/>
						<line hits="1" number="46"/>
						<line hits="1" number="61"/>
						<line hits="1" number="65"/>
						<line hits="1" number="66"/>
						<line hits="1" number="67"/>
						<line hits="1" number="69"/>
						<line hits="1" number="72"/>
						<line hits="1" number="73"/>
						<line hits="1" number="75"/>
						<line hits="1" number="77"/>
						<line hits="1" number="78"/>
						<line hits="1" number="81"/>
						<line hits="1" number="82"/>
						<line hits="1" number="84"/>
						<line hits="1" number="87"/>
						<line hits="1" number="88"/>
						<line hits="1" number="89"/>
						<line hits="1" number="92"/>
						<line hits="1" number="93"/>
						<line hits="1" number="96"/>
						<line hits="1" number="97"/>
						<line hits="1" number="98"/>
						<line hits="1" number="99"/>
						<line hits="1" number="102"/>
						<line hits="1" number="103"/>
						<line hits="1" number="107"/>
						<line hits="1" number="108"/>
						<line hits="1" number="111"/>
						<line hits="1" number="112"/>
						<line hits="1" number="113"/>
						<line hits="1" number="114"/>
						<line hits="1" number="115"/>
						<line hits="1" number="118"/>
						<line hits="1" number="120"/>
						<line hits="1" number="121"/>
					</lines>
				</class>
				<class branch-rate="0" complexity="0" filename="overscaler/overprint.py" line-rate="1" name="overprint.py">
					<methods/>
					<lines>
						<line hits="1" number="1"/>
						<line hits="1" number="2"/>
						<line hits="1" number="6"/>
						<line hits="1" number="24"/>
						<line hits="1" number="25"/>
						<line hits="1" number="26"/>
						<line hits="1" number="27"/>
						<line hits="1" number="29"/>
						<line hits="1" number="30"/>
						<line hits="1" number="31"/>
						<line hits="1" number="32"/>
						<line hits="1" number="33"/>
						<line hits="1" number="43"/>
						<line hits="1" number="52"/>
						<line hits="1" number="53"/>
						<line hits="1" number="54"/>
						<line hits="1" number="55"/>
						<line hits="1" number="56"/>
						<line hits="1" number="57"/>
						<line hits="1" number="58"/>
						<line hits="1" number="59"/>
						<line hits="1" number="60"/>
						<line hits="1" number="61"/>
						<line hits="1" number="63"/>
						<line hits="1" number="66"/>
						<line hits="1" number="75"/>
						<line hits="1" number="76"/>
						<line hits="1" number="77"/>
						<line hits="1" number="78"/>
						<line hits="1" number="81"/>
						<line hits="1" number="90"/>
						<line hits="1" number="91"/>
						<line hits="1" number="92"/>
						<line hits="1" number="93"/>
						<line hits="1" number="94"/>
					</lines>
				</class>
				<class branch-rate="0" complexity="0" filename="overscaler/overtools.py" line-rate="0.928" name="overtools.py">
					<methods/>
					<lines>
						<line hits="1" number="1"/>
						<line hits="1" number="2"/>
						<line hits="1" number="3"/>
						<line hits="1" number="4"/>
						<line hits="1" number="5"/>
						<line hits="1" number="6"/>
						<line hits="1" number="7"/>
						<line hits="1" number="8"/>
						<line hits="1" number="9"/>
						<line hits="1" number="12"/>
						<line hits="1" number="13"/>
						<line hits="1" number="20"/>
						<line hits="1" number="26"/>
						<line hits="1" number="27"/>
						<line hits="1" number="29"/>
						<line hits="1" number="33"/>
						<line hits="1" number="50"/>
						<line hits="1" number="51"/>
						<line hits="1" number="52"/>
						<line hits="1" number="53"/>
						<line hits="1" number="57"/>
						<line hits="1" number="58"/>
						<line hits="1" number="59"/>
						<line hits="1" number="63"/>
						<line hits="1" number="64"/>
						<line hits="1" number="67"/>
						<line hits="1" number="76"/>
						<line hits="1" number="77"/>
						<line hits="0" number="78"/>
						<line hits="0" number="79"/>
						<line hits="0" number="81"/>
						<line hits="1" number="83"/>
						<line hits="1" number="85"/>
						<line hits="1" number="98"/>
						<line hits="1" number="99"/>
						<line hits="1" number="100"/>
						<line hits="1" number="101"/>
						<line hits="1" number="102"/>
						<line hits="1" number="103"/>
						<line hits="1" number="104"/>
						<line hits="1" number="105"/>
						<line hits="1" number="107"/>
						<line hits="1" number="113"/>
						<line hits="1" number="129"/>
						<line hits="1" number="131"/>
						<line hits="1" number="132"/>
						<line hits="1" number="133"/>
						<line hits="1" number="134"/>
						<line hits="1" number="137"/>
						<line hits="1" number="139"/>
						<line hits="1" number="142"/>
						<line hits="1" number="143"/>
						<line hits="1" number="144"/>
						<line hits="1" number="146"/>
						<line hits="1" number="147"/>
						<line hits="1" number="149"/>
						<line hits="1" number="165"/>
						<line hits="1" number="166"/>
						<line hits="1" number="167"/>
						<line hits="1" number="168"/>
						<line hits="1" number="169"/>
						<line hits="1" number="170"/>
						<line hits="1" number="172"/>
						<line hits="1" number="174"/>
						<line hits="1" number="177"/>
						<line hits="1" number="199"/>
						<line hits="1" number="200"/>
						<line hits="1" number="201"/>
						<line hits="1" number="202"/>
						<line hits="1" number="207"/>
						<line hits="1" number="208"/>
						<line hits="1" number="212"/>
						<line hits="1" number="213"/>
						<line hits="1" number="214"/>
						<line hits="1" number="215"/>
						<line hits="1" number="233"/>
						<line hits="1" number="234"/>
						<line hits="1" number="235"/>
						<line hits="1" number="236"/>
						<line hits="1" number="237"/>
						<line hits="1" number="240"/>
						<line hits="1" number="245"/>
						<line hits="1" number="248"/>
						<line hits="1" number="289"/>
						<line hits="1" number="290"/>
						<line hits="1" number="291"/>
						<line hits="1" number="292"/>
						<line hits="1" number="293"/>
						<line hits="1" number="294"/>
						<line hits="1" number="295"/>
						<line hits="1" number="296"/>
						<line hits="1" number="297"/>
						<line hits="1" number="298"/>
						<line hits="1" number="299"/>
						<line hits="1" number="300"/>
						<line hits="1" number="301"/>
						<line hits="1" number="303"/>
						<line hits="1" number="304"/>
						<line hits="1" number="309"/>
						<line hits="1" number="310"/>
						<line hits="1" number="311"/>
						<line hits="1" number="312"/>
						<line hits="1" number="313"/>
						<line hits="1" number="314"/>
						<line hits="1" number="316"/>
						<line hits="1" number="318"/>
						<line hits="1" number="319"/>
						<line hits="1" number="322"/>
						<line hits="1" number="324"/>
						<line hits="1" number="325"/>
						<line hits="1" number="327"/>
						<line hits="1" number="328"/>
						<line hits="1" number="331"/>
						<line hits="1" number="332"/>
						<line hits="1" number="334"/>
						<line hits="1" number="335"/>
						<line hits="1" number="338"/>
						<line hits="1" number="349"/>
						<line hits="1" number="383"/>
						<line hits="1" number="384"/>
						<line hits="1" number="386"/>
						<line hits="1" number="388"/>
						<line hits="1" number="391"/>
						<line hits="1" number="395"/>
						<line hits="1" number="396"/>
						<line hits="1" number="397"/>
						<line hits="1" number="399"/>
						<line hits="1" number="400"/>
						<line hits="1" number="401"/>
						<line hits="1" number="402"/>
						<line hits="1" number="403"/>
						<line hits="1" number="404"/>
						<line hits="1" number="405"/>
						<line hits="1" number="406"/>
						<line hits="1" number="407"/>
						<line hits="0" number="408"/>
						<line hits="0" number="409"/>
						<line hits="0" number="410"/>
						<line hits="1" number="411"/>
						<line hits="1" number="412"/>
						<line hits="1" number="413"/>
						<line hits="1" number="414"/>
						<line hits="1" number="415"/>
						<line hits="1" number="416"/>
						<line hits="1" number="417"/>
						<line hits="1" number="421"/>
						<line hits="1" number="469"/>
						<line hits="1" number="471"/>
						<line hits="1" number="473"/>
						<line hits="1" number="474"/>
						<line hits="1" number="475"/>
						<line hits="1" number="477"/>
						<line hits="1" number="478"/>
						<line hits="1" number="479"/>
						<line hits="1" number="480"/>
						<line hits="1" number="481"/>
						<line hits="1" number="482"/>
						<line hits="1" number="483"/>
						<line hits="1" number="484"/>
						<line hits="1" number="485"/>
						<line hits="1" number="486"/>
						<line hits="1" number="487"/>
						<line hits="1" number="488"/>
						<line hits="1" number="489"/>
						<line hits="1" number="490"/>
						<line hits="1" number="491"/>
						<line hits="1" number="492"/>
						<line hits="1" number="493"/>
						<line hits="1" number="494"/>
						<line hits="1" number="495"/>
						<line hits="1" number="496"/>
						<line hits="1" number="497"/>
						<line hits="0" number="498"/>
						<line hits="0" number="499"/>
						<line hits="1" number="501"/>
						<line hits="1" number="515"/>
						<line hits="1" number="532"/>
						<line hits="1" number="533"/>
						<line hits="1" number="534"/>
						<line hits="1" number="535"/>
						<line hits="1" number="538"/>
						<line hits="1" number="539"/>
						<line hits="1" number="540"/>
						<line hits="1" number="541"/>
						<line hits="1" number="542"/>
						<line hits="1" number="543"/>
						<line hits="1" number="544"/>
						<line hits="1" number="545"/>
						<line hits="1" number="546"/>
						<line hits="1" number="547"/>
						<line hits="1" number="548"/>
						<line hits="1" number="549"/>
						<line hits="1" number="550"/>
						<line hits="1" number="551"/>
						<line hits="1" number="552"/>
						<line hits="1" number="553"/>
						<line hits="1" number="554"/>
						<line hits="1" number="555"/>
						<line hits="1" number="556"/>
						<line hits="1" number="557"/>
						<line hits="1" number="558"/>
						<line hits="1" number="559"/>
						<line hits="1" number="561"/>
						<line hits="0" number="562"/>
						<line hits="0" number="563"/>
						<line hits="1" number="566"/>
						<line hits="1" number="583"/>
						<line hits="1" number="584"/>
						<line hits="1" number="586"/>
						<line hits="1" number="587"/>
						<line hits="1" number="588"/>
						<line hits="1" number="589"/>
						<line hits="1" number="590"/>
						<line hits="1" number="592"/>
						<line hits="1" number="593"/>
						<line hits="1" number="594"/>
						<line hits="1" number="595"/>
						<line hits="1" number="596"/>
						<line hits="1" number="598"/>
						<line hits="0" number="599"/>
						<line hits="0" number="600"/>
						<line hits="1" number="602"/>
						<line hits="0" number="603"/>
						<line hits="0" number="604"/>
						<line hits="1" number="606"/>
						<line hits="1" number="607"/>
						<line hits="1" number="608"/>
						<line hits="1" number="610"/>
						<line hits="1" number="611"/>
						<line hits="1" number="612"/>
						<line hits="0" number="614"/>
						<line hits="0" number="615"/>
						<line hits="1" number="618"/>
						<line hits="1" number="633"/>
						<line hits="1" number="634"/>
						<line hits="1" number="635"/>
						<line hits="1" number="636"/>
						<line hits="1" number="638"/>
						<line hits="1" number="639"/>
						<line hits="1" number="640"/>
						<line hits="1" number="641"/>
						<line hits="1" number="642"/>
						<line hits="1" number="643"/>
						<line hits="1" number="645"/>
						<line hits="1" number="646"/>
						<line hits="1" number="647"/>
						<line hits="1" number="648"/>
						<line hits="1" number="649"/>
						<line hits="0" number="651"/>
						<line hits="0" number="652"/>
					</lines>
				</class>
			</classes>
		</package>
	</packages>
</coverage>
